<?xml version="1.0" encoding="UTF-8"?>
<!-- Generated by org.testng.reporters.JUnitXMLReporter -->
<testsuite ignored="0" hostname="LAPTOP-K1EJMBTI" failures="1" tests="2" name="Test" time="64.148" errors="0" timestamp="2023-01-01T16:07:24 IST">
  <testcase classname="Assertions.Test2" name="testCase3" time="22.524">
    <failure type="java.lang.AssertionError" message="The following asserts failed:
	expected [ahdkad] but found [Log in to Facebook]">
      <![CDATA[java.lang.AssertionError: The following asserts failed:
expected [ahdkad] but found [Log in to Facebook]
at Assertions.Test2.testCase3(Test2.java:76)
at java.base/java.util.ArrayList.forEach(ArrayList.java:1511)
... Removed 29 stack frames]]>
    </failure>
  </testcase> <!-- testCase3 -->
  <testcase classname="Assertions.Test1" name="testCase3" time="22.996"/>
</testsuite> <!-- Test -->
